c:\users\kostja\documents\github\simple_server\curl\src\lib-release\vc120.pdb
c:\users\kostja\documents\github\simple_server\curl\src\lib-release\tool_getpass.obj
c:\users\kostja\documents\github\simple_server\curl\src\lib-release\tool_getparam.obj
c:\users\kostja\documents\github\simple_server\curl\src\lib-release\tool_formparse.obj
c:\users\kostja\documents\github\simple_server\curl\src\lib-release\tool_easysrc.obj
c:\users\kostja\documents\github\simple_server\curl\src\lib-release\tool_doswin.obj
c:\users\kostja\documents\github\simple_server\curl\src\lib-release\tool_dirhie.obj
c:\users\kostja\documents\github\simple_server\curl\src\lib-release\tool_convert.obj
c:\users\kostja\documents\github\simple_server\curl\src\lib-release\tool_cfgable.obj
c:\users\kostja\documents\github\simple_server\curl\src\lib-release\tool_cb_wrt.obj
c:\users\kostja\documents\github\simple_server\curl\src\lib-release\tool_cb_see.obj
c:\users\kostja\documents\github\simple_server\curl\src\lib-release\tool_cb_rea.obj
c:\users\kostja\documents\github\simple_server\curl\src\lib-release\tool_cb_prg.obj
c:\users\kostja\documents\github\simple_server\curl\src\lib-release\tool_cb_hdr.obj
c:\users\kostja\documents\github\simple_server\curl\src\lib-release\tool_cb_dbg.obj
c:\users\kostja\documents\github\simple_server\curl\src\lib-release\tool_bname.obj
c:\users\kostja\documents\github\simple_server\curl\src\lib-release\tool_binmode.obj
c:\users\kostja\documents\github\simple_server\curl\src\lib-release\strtoofft.obj
c:\users\kostja\documents\github\simple_server\curl\src\lib-release\rawstr.obj
c:\users\kostja\documents\github\simple_server\curl\src\lib-release\nonblock.obj
c:\users\kostja\documents\github\simple_server\curl\src\lib-release\hugehelp.obj
c:\users\kostja\documents\github\simple_server\curl\src\lib-release\tool_writeout.obj
c:\users\kostja\documents\github\simple_server\curl\src\lib-release\tool_writeenv.obj
c:\users\kostja\documents\github\simple_server\curl\src\lib-release\tool_vms.obj
c:\users\kostja\documents\github\simple_server\curl\src\lib-release\tool_util.obj
c:\users\kostja\documents\github\simple_server\curl\src\lib-release\tool_urlglob.obj
c:\users\kostja\documents\github\simple_server\curl\src\lib-release\tool_sleep.obj
c:\users\kostja\documents\github\simple_server\curl\src\lib-release\tool_setopt.obj
c:\users\kostja\documents\github\simple_server\curl\src\lib-release\tool_parsecfg.obj
c:\users\kostja\documents\github\simple_server\curl\src\lib-release\tool_paramhlp.obj
c:\users\kostja\documents\github\simple_server\curl\src\lib-release\tool_panykey.obj
c:\users\kostja\documents\github\simple_server\curl\src\lib-release\tool_operhlp.obj
c:\users\kostja\documents\github\simple_server\curl\src\lib-release\tool_operate.obj
c:\users\kostja\documents\github\simple_server\curl\src\lib-release\tool_msgs.obj
c:\users\kostja\documents\github\simple_server\curl\src\lib-release\tool_mfiles.obj
c:\users\kostja\documents\github\simple_server\curl\src\lib-release\tool_metalink.obj
c:\users\kostja\documents\github\simple_server\curl\src\lib-release\tool_main.obj
c:\users\kostja\documents\github\simple_server\curl\src\lib-release\tool_libinfo.obj
c:\users\kostja\documents\github\simple_server\curl\src\lib-release\tool_homedir.obj
c:\users\kostja\documents\github\simple_server\curl\src\lib-release\tool_helpers.obj
c:\users\kostja\documents\github\simple_server\curl\src\lib-release\tool_help.obj
c:\users\kostja\documents\github\simple_server\curl\src\lib-release\tool_xattr.obj
c:\users\kostja\documents\github\simple_server\curl\src\lib-release\curl.exe
c:\users\kostja\documents\github\simple_server\curl\src\lib-release\curl.res
c:\users\kostja\documents\github\simple_server\curl\src\lib-release\curlsrc.tlog\cl.command.1.tlog
c:\users\kostja\documents\github\simple_server\curl\src\lib-release\curlsrc.tlog\cl.read.1.tlog
c:\users\kostja\documents\github\simple_server\curl\src\lib-release\curlsrc.tlog\cl.write.1.tlog
c:\users\kostja\documents\github\simple_server\curl\src\lib-release\curlsrc.tlog\link.command.1.tlog
c:\users\kostja\documents\github\simple_server\curl\src\lib-release\curlsrc.tlog\link.read.1.tlog
c:\users\kostja\documents\github\simple_server\curl\src\lib-release\curlsrc.tlog\link.write.1.tlog
c:\users\kostja\documents\github\simple_server\curl\src\lib-release\curlsrc.tlog\rc.command.1.tlog
c:\users\kostja\documents\github\simple_server\curl\src\lib-release\curlsrc.tlog\rc.read.1.tlog
c:\users\kostja\documents\github\simple_server\curl\src\lib-release\curlsrc.tlog\rc.write.1.tlog
