c:\users\kostja\documents\github\simple_server\curl\lib\lib-release\vc120.pdb
c:\users\kostja\documents\github\simple_server\curl\lib\lib-release\curl_ntlm_msgs.obj
c:\users\kostja\documents\github\simple_server\curl\lib\lib-release\curl_ntlm_core.obj
c:\users\kostja\documents\github\simple_server\curl\lib\lib-release\curl_ntlm.obj
c:\users\kostja\documents\github\simple_server\curl\lib\lib-release\curl_multibyte.obj
c:\users\kostja\documents\github\simple_server\curl\lib\lib-release\curl_memrchr.obj
c:\users\kostja\documents\github\simple_server\curl\lib\lib-release\curl_gssapi.obj
c:\users\kostja\documents\github\simple_server\curl\lib\lib-release\curl_gethostname.obj
c:\users\kostja\documents\github\simple_server\curl\lib\lib-release\curl_fnmatch.obj
c:\users\kostja\documents\github\simple_server\curl\lib\lib-release\curl_darwinssl.obj
c:\users\kostja\documents\github\simple_server\curl\lib\lib-release\curl_addrinfo.obj
c:\users\kostja\documents\github\simple_server\curl\lib\lib-release\cookie.obj
c:\users\kostja\documents\github\simple_server\curl\lib\lib-release\content_encoding.obj
c:\users\kostja\documents\github\simple_server\curl\lib\lib-release\connect.obj
c:\users\kostja\documents\github\simple_server\curl\lib\lib-release\conncache.obj
c:\users\kostja\documents\github\simple_server\curl\lib\lib-release\bundles.obj
c:\users\kostja\documents\github\simple_server\curl\lib\lib-release\base64.obj
c:\users\kostja\documents\github\simple_server\curl\lib\lib-release\axtls.obj
c:\users\kostja\documents\github\simple_server\curl\lib\lib-release\asyn-thread.obj
c:\users\kostja\documents\github\simple_server\curl\lib\lib-release\asyn-ares.obj
c:\users\kostja\documents\github\simple_server\curl\lib\lib-release\amigaos.obj
c:\users\kostja\documents\github\simple_server\curl\lib\lib-release\gtls.obj
c:\users\kostja\documents\github\simple_server\curl\lib\lib-release\gopher.obj
c:\users\kostja\documents\github\simple_server\curl\lib\lib-release\getinfo.obj
c:\users\kostja\documents\github\simple_server\curl\lib\lib-release\getenv.obj
c:\users\kostja\documents\github\simple_server\curl\lib\lib-release\ftplistparser.obj
c:\users\kostja\documents\github\simple_server\curl\lib\lib-release\ftp.obj
c:\users\kostja\documents\github\simple_server\curl\lib\lib-release\formdata.obj
c:\users\kostja\documents\github\simple_server\curl\lib\lib-release\fileinfo.obj
c:\users\kostja\documents\github\simple_server\curl\lib\lib-release\file.obj
c:\users\kostja\documents\github\simple_server\curl\lib\lib-release\escape.obj
c:\users\kostja\documents\github\simple_server\curl\lib\lib-release\easy.obj
c:\users\kostja\documents\github\simple_server\curl\lib\lib-release\dict.obj
c:\users\kostja\documents\github\simple_server\curl\lib\lib-release\cyassl.obj
c:\users\kostja\documents\github\simple_server\curl\lib\lib-release\curl_threads.obj
c:\users\kostja\documents\github\simple_server\curl\lib\lib-release\curl_sspi.obj
c:\users\kostja\documents\github\simple_server\curl\lib\lib-release\curl_schannel.obj
c:\users\kostja\documents\github\simple_server\curl\lib\lib-release\curl_sasl.obj
c:\users\kostja\documents\github\simple_server\curl\lib\lib-release\curl_rtmp.obj
c:\users\kostja\documents\github\simple_server\curl\lib\lib-release\curl_rand.obj
c:\users\kostja\documents\github\simple_server\curl\lib\lib-release\curl_ntlm_wb.obj
c:\users\kostja\documents\github\simple_server\curl\lib\lib-release\krb4.obj
c:\users\kostja\documents\github\simple_server\curl\lib\lib-release\inet_pton.obj
c:\users\kostja\documents\github\simple_server\curl\lib\lib-release\inet_ntop.obj
c:\users\kostja\documents\github\simple_server\curl\lib\lib-release\imap.obj
c:\users\kostja\documents\github\simple_server\curl\lib\lib-release\if2ip.obj
c:\users\kostja\documents\github\simple_server\curl\lib\lib-release\idn_win32.obj
c:\users\kostja\documents\github\simple_server\curl\lib\lib-release\http_proxy.obj
c:\users\kostja\documents\github\simple_server\curl\lib\lib-release\http_negotiate_sspi.obj
c:\users\kostja\documents\github\simple_server\curl\lib\lib-release\http_negotiate.obj
c:\users\kostja\documents\github\simple_server\curl\lib\lib-release\http_digest.obj
c:\users\kostja\documents\github\simple_server\curl\lib\lib-release\http_chunks.obj
c:\users\kostja\documents\github\simple_server\curl\lib\lib-release\http.obj
c:\users\kostja\documents\github\simple_server\curl\lib\lib-release\hostsyn.obj
c:\users\kostja\documents\github\simple_server\curl\lib\lib-release\hostip6.obj
c:\users\kostja\documents\github\simple_server\curl\lib\lib-release\hostip4.obj
c:\users\kostja\documents\github\simple_server\curl\lib\lib-release\hostip.obj
c:\users\kostja\documents\github\simple_server\curl\lib\lib-release\hostcheck.obj
c:\users\kostja\documents\github\simple_server\curl\lib\lib-release\hostasyn.obj
c:\users\kostja\documents\github\simple_server\curl\lib\lib-release\hmac.obj
c:\users\kostja\documents\github\simple_server\curl\lib\lib-release\hash.obj
c:\users\kostja\documents\github\simple_server\curl\lib\lib-release\progress.obj
c:\users\kostja\documents\github\simple_server\curl\lib\lib-release\pop3.obj
c:\users\kostja\documents\github\simple_server\curl\lib\lib-release\polarssl.obj
c:\users\kostja\documents\github\simple_server\curl\lib\lib-release\pingpong.obj
c:\users\kostja\documents\github\simple_server\curl\lib\lib-release\parsedate.obj
c:\users\kostja\documents\github\simple_server\curl\lib\lib-release\openldap.obj
c:\users\kostja\documents\github\simple_server\curl\lib\lib-release\nwos.obj
c:\users\kostja\documents\github\simple_server\curl\lib\lib-release\nwlib.obj
c:\users\kostja\documents\github\simple_server\curl\lib\lib-release\nss.obj
c:\users\kostja\documents\github\simple_server\curl\lib\lib-release\nonblock.obj
c:\users\kostja\documents\github\simple_server\curl\lib\lib-release\non-ascii.obj
c:\users\kostja\documents\github\simple_server\curl\lib\lib-release\netrc.obj
c:\users\kostja\documents\github\simple_server\curl\lib\lib-release\multi.obj
c:\users\kostja\documents\github\simple_server\curl\lib\lib-release\mprintf.obj
c:\users\kostja\documents\github\simple_server\curl\lib\lib-release\memdebug.obj
c:\users\kostja\documents\github\simple_server\curl\lib\lib-release\md5.obj
c:\users\kostja\documents\github\simple_server\curl\lib\lib-release\md4.obj
c:\users\kostja\documents\github\simple_server\curl\lib\lib-release\llist.obj
c:\users\kostja\documents\github\simple_server\curl\lib\lib-release\ldap.obj
c:\users\kostja\documents\github\simple_server\curl\lib\lib-release\krb5.obj
c:\users\kostja\documents\github\simple_server\curl\lib\lib-release\strerror.obj
c:\users\kostja\documents\github\simple_server\curl\lib\lib-release\strequal.obj
c:\users\kostja\documents\github\simple_server\curl\lib\lib-release\strdup.obj
c:\users\kostja\documents\github\simple_server\curl\lib\lib-release\ssluse.obj
c:\users\kostja\documents\github\simple_server\curl\lib\lib-release\sslgen.obj
c:\users\kostja\documents\github\simple_server\curl\lib\lib-release\ssh.obj
c:\users\kostja\documents\github\simple_server\curl\lib\lib-release\splay.obj
c:\users\kostja\documents\github\simple_server\curl\lib\lib-release\speedcheck.obj
c:\users\kostja\documents\github\simple_server\curl\lib\lib-release\socks_sspi.obj
c:\users\kostja\documents\github\simple_server\curl\lib\lib-release\socks_gssapi.obj
c:\users\kostja\documents\github\simple_server\curl\lib\lib-release\socks.obj
c:\users\kostja\documents\github\simple_server\curl\lib\lib-release\smtp.obj
c:\users\kostja\documents\github\simple_server\curl\lib\lib-release\slist.obj
c:\users\kostja\documents\github\simple_server\curl\lib\lib-release\share.obj
c:\users\kostja\documents\github\simple_server\curl\lib\lib-release\sendf.obj
c:\users\kostja\documents\github\simple_server\curl\lib\lib-release\select.obj
c:\users\kostja\documents\github\simple_server\curl\lib\lib-release\security.obj
c:\users\kostja\documents\github\simple_server\curl\lib\lib-release\rtsp.obj
c:\users\kostja\documents\github\simple_server\curl\lib\lib-release\rawstr.obj
c:\users\kostja\documents\github\simple_server\curl\lib\lib-release\qssl.obj
c:\users\kostja\documents\github\simple_server\curl\lib\lib-release\wildcard.obj
c:\users\kostja\documents\github\simple_server\curl\lib\lib-release\warnless.obj
c:\users\kostja\documents\github\simple_server\curl\lib\lib-release\version.obj
c:\users\kostja\documents\github\simple_server\curl\lib\lib-release\url.obj
c:\users\kostja\documents\github\simple_server\curl\lib\lib-release\transfer.obj
c:\users\kostja\documents\github\simple_server\curl\lib\lib-release\timeval.obj
c:\users\kostja\documents\github\simple_server\curl\lib\lib-release\tftp.obj
c:\users\kostja\documents\github\simple_server\curl\lib\lib-release\telnet.obj
c:\users\kostja\documents\github\simple_server\curl\lib\lib-release\strtoofft.obj
c:\users\kostja\documents\github\simple_server\curl\lib\lib-release\strtok.obj
c:\users\kostja\documents\github\simple_server\curl\lib\lib-release\libcurl.lib
c:\users\kostja\documents\github\simple_server\curl\lib\lib-release\libcurl.res
c:\users\kostja\documents\github\simple_server\curl\lib\.\lib-release\libcurl.lib
c:\users\kostja\documents\github\simple_server\curl\lib\lib-release\libcurl.tlog\cl.command.1.tlog
c:\users\kostja\documents\github\simple_server\curl\lib\lib-release\libcurl.tlog\cl.read.1.tlog
c:\users\kostja\documents\github\simple_server\curl\lib\lib-release\libcurl.tlog\cl.write.1.tlog
c:\users\kostja\documents\github\simple_server\curl\lib\lib-release\libcurl.tlog\lib-link-cvtres.read.1.tlog
c:\users\kostja\documents\github\simple_server\curl\lib\lib-release\libcurl.tlog\lib-link-cvtres.write.1.tlog
c:\users\kostja\documents\github\simple_server\curl\lib\lib-release\libcurl.tlog\lib.command.1.tlog
c:\users\kostja\documents\github\simple_server\curl\lib\lib-release\libcurl.tlog\rc.command.1.tlog
c:\users\kostja\documents\github\simple_server\curl\lib\lib-release\libcurl.tlog\rc.read.1.tlog
c:\users\kostja\documents\github\simple_server\curl\lib\lib-release\libcurl.tlog\rc.write.1.tlog
