Build started 26.04.2016 14:52:49.
     1>Project "C:\Users\Kostja\Documents\GitHub\simple_server\curl\lib\vc6libcurl.vcxproj" on node 2 (Rebuild target(s)).
     1>ClCompile:
         C:\Program Files (x86)\Microsoft Visual Studio 2013\VC\bin\CL.exe /c /I. /I..\include /Zi /nologo /W3 /WX- /O2 /Ob1 /Oy- /D WIN32 /D NDEBUG /D BUILDING_LIBCURL /D CURL_STATICLIB /D _VC80_UPGRADE=0x0600 /D _MBCS /GF /Gm- /EHsc /MD /GS /Gy /fp:precise /Zc:wchar_t /Zc:forScope /Fo".\LIB-Release/" /Fd".\LIB-Release/vc120.pdb" /Gd /TC /analyze- /errorReport:prompt amigaos.c "asyn-ares.c" "asyn-thread.c" axtls.c base64.c bundles.c conncache.c connect.c content_encoding.c cookie.c curl_addrinfo.c curl_darwinssl.c curl_fnmatch.c curl_gethostname.c curl_gssapi.c curl_memrchr.c curl_multibyte.c curl_ntlm.c curl_ntlm_core.c curl_ntlm_msgs.c curl_ntlm_wb.c curl_rand.c curl_rtmp.c curl_sasl.c curl_schannel.c curl_sspi.c curl_threads.c cyassl.c dict.c easy.c escape.c file.c fileinfo.c formdata.c ftp.c ftplistparser.c getenv.c getinfo.c gopher.c gtls.c hash.c hmac.c hostasyn.c hostcheck.c hostip.c hostip4.c hostip6.c hostsyn.c http.c http_chunks.c http_digest.c http_negotiate.c http_negotiate_sspi.c http_proxy.c idn_win32.c if2ip.c imap.c inet_ntop.c inet_pton.c krb4.c krb5.c ldap.c llist.c md4.c md5.c memdebug.c mprintf.c multi.c netrc.c "non-ascii.c" nonblock.c nss.c nwlib.c nwos.c openldap.c parsedate.c pingpong.c polarssl.c pop3.c progress.c qssl.c rawstr.c rtsp.c security.c select.c sendf.c share.c slist.c smtp.c socks.c socks_gssapi.c socks_sspi.c speedcheck.c splay.c ssh.c sslgen.c ssluse.c strdup.c strequal.c strerror.c strtok.c strtoofft.c telnet.c tftp.c timeval.c transfer.c url.c version.c warnless.c wildcard.c
         amigaos.c
         asyn-ares.c
         asyn-thread.c
         axtls.c
         base64.c
         bundles.c
         conncache.c
         connect.c
         content_encoding.c
         cookie.c
         curl_addrinfo.c
         curl_darwinssl.c
         curl_fnmatch.c
         curl_gethostname.c
         curl_gssapi.c
         curl_memrchr.c
         curl_multibyte.c
         curl_ntlm.c
         curl_ntlm_core.c
         curl_ntlm_msgs.c
         Generating Code...
         Compiling...
         curl_ntlm_wb.c
         curl_rand.c
         curl_rtmp.c
         curl_sasl.c
         curl_schannel.c
         curl_sspi.c
         curl_threads.c
         cyassl.c
         dict.c
         easy.c
         escape.c
         file.c
         fileinfo.c
         formdata.c
         ftp.c
         ftplistparser.c
         getenv.c
         getinfo.c
         gopher.c
         gtls.c
         Generating Code...
         Compiling...
         hash.c
         hmac.c
         hostasyn.c
         hostcheck.c
         hostip.c
         hostip4.c
         hostip6.c
         hostsyn.c
         http.c
         http_chunks.c
         http_digest.c
         http_negotiate.c
         http_negotiate_sspi.c
         http_proxy.c
         idn_win32.c
         if2ip.c
         imap.c
         inet_ntop.c
         inet_pton.c
         krb4.c
         Generating Code...
         Compiling...
         krb5.c
         ldap.c
         llist.c
         md4.c
         md5.c
         memdebug.c
         mprintf.c
         multi.c
         netrc.c
         non-ascii.c
         nonblock.c
         nss.c
         nwlib.c
         nwos.c
         openldap.c
         parsedate.c
         pingpong.c
         polarssl.c
         pop3.c
         progress.c
         Generating Code...
         Compiling...
         qssl.c
         rawstr.c
         rtsp.c
         security.c
         select.c
         sendf.c
         share.c
         slist.c
         smtp.c
         socks.c
         socks_gssapi.c
         socks_sspi.c
         speedcheck.c
         splay.c
         ssh.c
         sslgen.c
         ssluse.c
         strdup.c
         strequal.c
         strerror.c
         Generating Code...
         Compiling...
         strtok.c
         strtoofft.c
         telnet.c
         tftp.c
         timeval.c
         transfer.c
         url.c
         version.c
         warnless.c
         wildcard.c
         Generating Code...
       ResourceCompile:
         C:\Program Files (x86)\Windows Kits\8.1\bin\x86\rc.exe /D NDEBUG /D _VC80_UPGRADE=0x0600 /l"0x0409" /nologo /fo".\LIB-Release\libcurl.res" libcurl.rc 
       Lib:
         C:\Program Files (x86)\Microsoft Visual Studio 2013\VC\bin\Lib.exe /OUT:"LIB-Release/libcurl.lib" /NOLOGO ".\LIB-Release\libcurl.res"
         ".\LIB-Release/amigaos.obj"
         ".\LIB-Release/asyn-ares.obj"
         ".\LIB-Release/asyn-thread.obj"
         ".\LIB-Release/axtls.obj"
         ".\LIB-Release/base64.obj"
         ".\LIB-Release/bundles.obj"
         ".\LIB-Release/conncache.obj"
         ".\LIB-Release/connect.obj"
         ".\LIB-Release/content_encoding.obj"
         ".\LIB-Release/cookie.obj"
         ".\LIB-Release/curl_addrinfo.obj"
         ".\LIB-Release/curl_darwinssl.obj"
         ".\LIB-Release/curl_fnmatch.obj"
         ".\LIB-Release/curl_gethostname.obj"
         ".\LIB-Release/curl_gssapi.obj"
         ".\LIB-Release/curl_memrchr.obj"
         ".\LIB-Release/curl_multibyte.obj"
         ".\LIB-Release/curl_ntlm.obj"
         ".\LIB-Release/curl_ntlm_core.obj"
         ".\LIB-Release/curl_ntlm_msgs.obj"
         ".\LIB-Release/curl_ntlm_wb.obj"
         ".\LIB-Release/curl_rand.obj"
         ".\LIB-Release/curl_rtmp.obj"
         ".\LIB-Release/curl_sasl.obj"
         ".\LIB-Release/curl_schannel.obj"
         ".\LIB-Release/curl_sspi.obj"
         ".\LIB-Release/curl_threads.obj"
         ".\LIB-Release/cyassl.obj"
         ".\LIB-Release/dict.obj"
         ".\LIB-Release/easy.obj"
         ".\LIB-Release/escape.obj"
         ".\LIB-Release/file.obj"
         ".\LIB-Release/fileinfo.obj"
         ".\LIB-Release/formdata.obj"
         ".\LIB-Release/ftp.obj"
         ".\LIB-Release/ftplistparser.obj"
         ".\LIB-Release/getenv.obj"
         ".\LIB-Release/getinfo.obj"
         ".\LIB-Release/gopher.obj"
         ".\LIB-Release/gtls.obj"
         ".\LIB-Release/hash.obj"
         ".\LIB-Release/hmac.obj"
         ".\LIB-Release/hostasyn.obj"
         ".\LIB-Release/hostcheck.obj"
         ".\LIB-Release/hostip.obj"
         ".\LIB-Release/hostip4.obj"
         ".\LIB-Release/hostip6.obj"
         ".\LIB-Release/hostsyn.obj"
         ".\LIB-Release/http.obj"
         ".\LIB-Release/http_chunks.obj"
         ".\LIB-Release/http_digest.obj"
         ".\LIB-Release/http_negotiate.obj"
         ".\LIB-Release/http_negotiate_sspi.obj"
         ".\LIB-Release/http_proxy.obj"
         ".\LIB-Release/idn_win32.obj"
         ".\LIB-Release/if2ip.obj"
         ".\LIB-Release/imap.obj"
         ".\LIB-Release/inet_ntop.obj"
         ".\LIB-Release/inet_pton.obj"
         ".\LIB-Release/krb4.obj"
         ".\LIB-Release/krb5.obj"
         ".\LIB-Release/ldap.obj"
         ".\LIB-Release/llist.obj"
         ".\LIB-Release/md4.obj"
         ".\LIB-Release/md5.obj"
         ".\LIB-Release/memdebug.obj"
         ".\LIB-Release/mprintf.obj"
         ".\LIB-Release/multi.obj"
         ".\LIB-Release/netrc.obj"
         ".\LIB-Release/non-ascii.obj"
         ".\LIB-Release/nonblock.obj"
         ".\LIB-Release/nss.obj"
         ".\LIB-Release/nwlib.obj"
         ".\LIB-Release/nwos.obj"
         ".\LIB-Release/openldap.obj"
         ".\LIB-Release/parsedate.obj"
         ".\LIB-Release/pingpong.obj"
         ".\LIB-Release/polarssl.obj"
         ".\LIB-Release/pop3.obj"
         ".\LIB-Release/progress.obj"
         ".\LIB-Release/qssl.obj"
         ".\LIB-Release/rawstr.obj"
         ".\LIB-Release/rtsp.obj"
         ".\LIB-Release/security.obj"
         ".\LIB-Release/select.obj"
         ".\LIB-Release/sendf.obj"
         ".\LIB-Release/share.obj"
         ".\LIB-Release/slist.obj"
         ".\LIB-Release/smtp.obj"
         ".\LIB-Release/socks.obj"
         ".\LIB-Release/socks_gssapi.obj"
         ".\LIB-Release/socks_sspi.obj"
         ".\LIB-Release/speedcheck.obj"
         ".\LIB-Release/splay.obj"
         ".\LIB-Release/ssh.obj"
         ".\LIB-Release/sslgen.obj"
         ".\LIB-Release/ssluse.obj"
         ".\LIB-Release/strdup.obj"
         ".\LIB-Release/strequal.obj"
         ".\LIB-Release/strerror.obj"
         ".\LIB-Release/strtok.obj"
         ".\LIB-Release/strtoofft.obj"
         ".\LIB-Release/telnet.obj"
         ".\LIB-Release/tftp.obj"
         ".\LIB-Release/timeval.obj"
         ".\LIB-Release/transfer.obj"
         ".\LIB-Release/url.obj"
         ".\LIB-Release/version.obj"
         ".\LIB-Release/warnless.obj"
         ".\LIB-Release/wildcard.obj"
     1>LINK : warning LNK4068: /MACHINE not specified; defaulting to X86
         vc6libcurl.vcxproj -> C:\Users\Kostja\Documents\GitHub\simple_server\curl\lib\.\LIB-Release\libcurl.lib
     1>Done Building Project "C:\Users\Kostja\Documents\GitHub\simple_server\curl\lib\vc6libcurl.vcxproj" (Rebuild target(s)).

Build succeeded.

Time Elapsed 00:00:19.65
