C:\USERS\KOSTJA\DROPBOX\SIMPLE_SERVER-MASTER\CURL\LIB\LIB-DEBUG\SOCKS_GSSAPI.OBJ
C:\USERS\KOSTJA\DROPBOX\SIMPLE_SERVER-MASTER\CURL\LIB\LIB-DEBUG\SOCKS_SSPI.OBJ
C:\USERS\KOSTJA\DROPBOX\SIMPLE_SERVER-MASTER\CURL\LIB\LIB-DEBUG\SPEEDCHECK.OBJ
C:\USERS\KOSTJA\DROPBOX\SIMPLE_SERVER-MASTER\CURL\LIB\LIB-DEBUG\SPLAY.OBJ
C:\USERS\KOSTJA\DROPBOX\SIMPLE_SERVER-MASTER\CURL\LIB\LIB-DEBUG\SSH.OBJ
C:\USERS\KOSTJA\DROPBOX\SIMPLE_SERVER-MASTER\CURL\LIB\LIB-DEBUG\SSLGEN.OBJ
C:\USERS\KOSTJA\DROPBOX\SIMPLE_SERVER-MASTER\CURL\LIB\LIB-DEBUG\SSLUSE.OBJ
C:\USERS\KOSTJA\DROPBOX\SIMPLE_SERVER-MASTER\CURL\LIB\LIB-DEBUG\STRDUP.OBJ
C:\USERS\KOSTJA\DROPBOX\SIMPLE_SERVER-MASTER\CURL\LIB\LIB-DEBUG\STREQUAL.OBJ
C:\USERS\KOSTJA\DROPBOX\SIMPLE_SERVER-MASTER\CURL\LIB\LIB-DEBUG\STRERROR.OBJ
C:\USERS\KOSTJA\DROPBOX\SIMPLE_SERVER-MASTER\CURL\LIB\LIB-DEBUG\STRTOK.OBJ
C:\USERS\KOSTJA\DROPBOX\SIMPLE_SERVER-MASTER\CURL\LIB\LIB-DEBUG\STRTOOFFT.OBJ
C:\USERS\KOSTJA\DROPBOX\SIMPLE_SERVER-MASTER\CURL\LIB\LIB-DEBUG\TELNET.OBJ
C:\USERS\KOSTJA\DROPBOX\SIMPLE_SERVER-MASTER\CURL\LIB\LIB-DEBUG\TFTP.OBJ
C:\USERS\KOSTJA\DROPBOX\SIMPLE_SERVER-MASTER\CURL\LIB\LIB-DEBUG\TIMEVAL.OBJ
C:\USERS\KOSTJA\DROPBOX\SIMPLE_SERVER-MASTER\CURL\LIB\LIB-DEBUG\TRANSFER.OBJ
C:\USERS\KOSTJA\DROPBOX\SIMPLE_SERVER-MASTER\CURL\LIB\LIB-DEBUG\URL.OBJ
C:\USERS\KOSTJA\DROPBOX\SIMPLE_SERVER-MASTER\CURL\LIB\LIB-DEBUG\VERSION.OBJ
C:\USERS\KOSTJA\DROPBOX\SIMPLE_SERVER-MASTER\CURL\LIB\LIB-DEBUG\WARNLESS.OBJ
C:\USERS\KOSTJA\DROPBOX\SIMPLE_SERVER-MASTER\CURL\LIB\LIB-DEBUG\WILDCARD.OBJ
C:\USERS\KOSTJA\DROPBOX\SIMPLE_SERVER-MASTER\CURL\LIB\LIB-DEBUG\NONBLOCK.OBJ
C:\USERS\KOSTJA\DROPBOX\SIMPLE_SERVER-MASTER\CURL\LIB\LIB-DEBUG\NSS.OBJ
C:\USERS\KOSTJA\DROPBOX\SIMPLE_SERVER-MASTER\CURL\LIB\LIB-DEBUG\NWLIB.OBJ
C:\USERS\KOSTJA\DROPBOX\SIMPLE_SERVER-MASTER\CURL\LIB\LIB-DEBUG\NWOS.OBJ
C:\USERS\KOSTJA\DROPBOX\SIMPLE_SERVER-MASTER\CURL\LIB\LIB-DEBUG\OPENLDAP.OBJ
C:\USERS\KOSTJA\DROPBOX\SIMPLE_SERVER-MASTER\CURL\LIB\LIB-DEBUG\PARSEDATE.OBJ
C:\USERS\KOSTJA\DROPBOX\SIMPLE_SERVER-MASTER\CURL\LIB\LIB-DEBUG\PINGPONG.OBJ
C:\USERS\KOSTJA\DROPBOX\SIMPLE_SERVER-MASTER\CURL\LIB\LIB-DEBUG\POLARSSL.OBJ
C:\USERS\KOSTJA\DROPBOX\SIMPLE_SERVER-MASTER\CURL\LIB\LIB-DEBUG\POP3.OBJ
C:\USERS\KOSTJA\DROPBOX\SIMPLE_SERVER-MASTER\CURL\LIB\LIB-DEBUG\PROGRESS.OBJ
C:\USERS\KOSTJA\DROPBOX\SIMPLE_SERVER-MASTER\CURL\LIB\LIB-DEBUG\QSSL.OBJ
C:\USERS\KOSTJA\DROPBOX\SIMPLE_SERVER-MASTER\CURL\LIB\LIB-DEBUG\RAWSTR.OBJ
C:\USERS\KOSTJA\DROPBOX\SIMPLE_SERVER-MASTER\CURL\LIB\LIB-DEBUG\RTSP.OBJ
C:\USERS\KOSTJA\DROPBOX\SIMPLE_SERVER-MASTER\CURL\LIB\LIB-DEBUG\SECURITY.OBJ
C:\USERS\KOSTJA\DROPBOX\SIMPLE_SERVER-MASTER\CURL\LIB\LIB-DEBUG\SELECT.OBJ
C:\USERS\KOSTJA\DROPBOX\SIMPLE_SERVER-MASTER\CURL\LIB\LIB-DEBUG\SENDF.OBJ
C:\USERS\KOSTJA\DROPBOX\SIMPLE_SERVER-MASTER\CURL\LIB\LIB-DEBUG\SHARE.OBJ
C:\USERS\KOSTJA\DROPBOX\SIMPLE_SERVER-MASTER\CURL\LIB\LIB-DEBUG\SLIST.OBJ
C:\USERS\KOSTJA\DROPBOX\SIMPLE_SERVER-MASTER\CURL\LIB\LIB-DEBUG\SMTP.OBJ
C:\USERS\KOSTJA\DROPBOX\SIMPLE_SERVER-MASTER\CURL\LIB\LIB-DEBUG\SOCKS.OBJ
C:\USERS\KOSTJA\DROPBOX\SIMPLE_SERVER-MASTER\CURL\LIB\LIB-DEBUG\HTTP_DIGEST.OBJ
C:\USERS\KOSTJA\DROPBOX\SIMPLE_SERVER-MASTER\CURL\LIB\LIB-DEBUG\HTTP_NEGOTIATE.OBJ
C:\USERS\KOSTJA\DROPBOX\SIMPLE_SERVER-MASTER\CURL\LIB\LIB-DEBUG\HTTP_NEGOTIATE_SSPI.OBJ
C:\USERS\KOSTJA\DROPBOX\SIMPLE_SERVER-MASTER\CURL\LIB\LIB-DEBUG\HTTP_PROXY.OBJ
C:\USERS\KOSTJA\DROPBOX\SIMPLE_SERVER-MASTER\CURL\LIB\LIB-DEBUG\IDN_WIN32.OBJ
C:\USERS\KOSTJA\DROPBOX\SIMPLE_SERVER-MASTER\CURL\LIB\LIB-DEBUG\IF2IP.OBJ
C:\USERS\KOSTJA\DROPBOX\SIMPLE_SERVER-MASTER\CURL\LIB\LIB-DEBUG\IMAP.OBJ
C:\USERS\KOSTJA\DROPBOX\SIMPLE_SERVER-MASTER\CURL\LIB\LIB-DEBUG\INET_NTOP.OBJ
C:\USERS\KOSTJA\DROPBOX\SIMPLE_SERVER-MASTER\CURL\LIB\LIB-DEBUG\INET_PTON.OBJ
C:\USERS\KOSTJA\DROPBOX\SIMPLE_SERVER-MASTER\CURL\LIB\LIB-DEBUG\KRB4.OBJ
C:\USERS\KOSTJA\DROPBOX\SIMPLE_SERVER-MASTER\CURL\LIB\LIB-DEBUG\KRB5.OBJ
C:\USERS\KOSTJA\DROPBOX\SIMPLE_SERVER-MASTER\CURL\LIB\LIB-DEBUG\LDAP.OBJ
C:\USERS\KOSTJA\DROPBOX\SIMPLE_SERVER-MASTER\CURL\LIB\LIB-DEBUG\LLIST.OBJ
C:\USERS\KOSTJA\DROPBOX\SIMPLE_SERVER-MASTER\CURL\LIB\LIB-DEBUG\MD4.OBJ
C:\USERS\KOSTJA\DROPBOX\SIMPLE_SERVER-MASTER\CURL\LIB\LIB-DEBUG\MD5.OBJ
C:\USERS\KOSTJA\DROPBOX\SIMPLE_SERVER-MASTER\CURL\LIB\LIB-DEBUG\MEMDEBUG.OBJ
C:\USERS\KOSTJA\DROPBOX\SIMPLE_SERVER-MASTER\CURL\LIB\LIB-DEBUG\MPRINTF.OBJ
C:\USERS\KOSTJA\DROPBOX\SIMPLE_SERVER-MASTER\CURL\LIB\LIB-DEBUG\MULTI.OBJ
C:\USERS\KOSTJA\DROPBOX\SIMPLE_SERVER-MASTER\CURL\LIB\LIB-DEBUG\NETRC.OBJ
C:\USERS\KOSTJA\DROPBOX\SIMPLE_SERVER-MASTER\CURL\LIB\LIB-DEBUG\NON-ASCII.OBJ
C:\USERS\KOSTJA\DROPBOX\SIMPLE_SERVER-MASTER\CURL\LIB\LIB-DEBUG\ESCAPE.OBJ
C:\USERS\KOSTJA\DROPBOX\SIMPLE_SERVER-MASTER\CURL\LIB\LIB-DEBUG\FILE.OBJ
C:\USERS\KOSTJA\DROPBOX\SIMPLE_SERVER-MASTER\CURL\LIB\LIB-DEBUG\FILEINFO.OBJ
C:\USERS\KOSTJA\DROPBOX\SIMPLE_SERVER-MASTER\CURL\LIB\LIB-DEBUG\FORMDATA.OBJ
C:\USERS\KOSTJA\DROPBOX\SIMPLE_SERVER-MASTER\CURL\LIB\LIB-DEBUG\FTP.OBJ
C:\USERS\KOSTJA\DROPBOX\SIMPLE_SERVER-MASTER\CURL\LIB\LIB-DEBUG\FTPLISTPARSER.OBJ
C:\USERS\KOSTJA\DROPBOX\SIMPLE_SERVER-MASTER\CURL\LIB\LIB-DEBUG\GETENV.OBJ
C:\USERS\KOSTJA\DROPBOX\SIMPLE_SERVER-MASTER\CURL\LIB\LIB-DEBUG\GETINFO.OBJ
C:\USERS\KOSTJA\DROPBOX\SIMPLE_SERVER-MASTER\CURL\LIB\LIB-DEBUG\GOPHER.OBJ
C:\USERS\KOSTJA\DROPBOX\SIMPLE_SERVER-MASTER\CURL\LIB\LIB-DEBUG\GTLS.OBJ
C:\USERS\KOSTJA\DROPBOX\SIMPLE_SERVER-MASTER\CURL\LIB\LIB-DEBUG\HASH.OBJ
C:\USERS\KOSTJA\DROPBOX\SIMPLE_SERVER-MASTER\CURL\LIB\LIB-DEBUG\HMAC.OBJ
C:\USERS\KOSTJA\DROPBOX\SIMPLE_SERVER-MASTER\CURL\LIB\LIB-DEBUG\HOSTASYN.OBJ
C:\USERS\KOSTJA\DROPBOX\SIMPLE_SERVER-MASTER\CURL\LIB\LIB-DEBUG\HOSTCHECK.OBJ
C:\USERS\KOSTJA\DROPBOX\SIMPLE_SERVER-MASTER\CURL\LIB\LIB-DEBUG\HOSTIP.OBJ
C:\USERS\KOSTJA\DROPBOX\SIMPLE_SERVER-MASTER\CURL\LIB\LIB-DEBUG\HOSTIP4.OBJ
C:\USERS\KOSTJA\DROPBOX\SIMPLE_SERVER-MASTER\CURL\LIB\LIB-DEBUG\HOSTIP6.OBJ
C:\USERS\KOSTJA\DROPBOX\SIMPLE_SERVER-MASTER\CURL\LIB\LIB-DEBUG\HOSTSYN.OBJ
C:\USERS\KOSTJA\DROPBOX\SIMPLE_SERVER-MASTER\CURL\LIB\LIB-DEBUG\HTTP.OBJ
C:\USERS\KOSTJA\DROPBOX\SIMPLE_SERVER-MASTER\CURL\LIB\LIB-DEBUG\HTTP_CHUNKS.OBJ
C:\USERS\KOSTJA\DROPBOX\SIMPLE_SERVER-MASTER\CURL\LIB\LIB-DEBUG\CURL_ADDRINFO.OBJ
C:\USERS\KOSTJA\DROPBOX\SIMPLE_SERVER-MASTER\CURL\LIB\LIB-DEBUG\CURL_DARWINSSL.OBJ
C:\USERS\KOSTJA\DROPBOX\SIMPLE_SERVER-MASTER\CURL\LIB\LIB-DEBUG\CURL_FNMATCH.OBJ
C:\USERS\KOSTJA\DROPBOX\SIMPLE_SERVER-MASTER\CURL\LIB\LIB-DEBUG\CURL_GETHOSTNAME.OBJ
C:\USERS\KOSTJA\DROPBOX\SIMPLE_SERVER-MASTER\CURL\LIB\LIB-DEBUG\CURL_GSSAPI.OBJ
C:\USERS\KOSTJA\DROPBOX\SIMPLE_SERVER-MASTER\CURL\LIB\LIB-DEBUG\CURL_MEMRCHR.OBJ
C:\USERS\KOSTJA\DROPBOX\SIMPLE_SERVER-MASTER\CURL\LIB\LIB-DEBUG\CURL_MULTIBYTE.OBJ
C:\USERS\KOSTJA\DROPBOX\SIMPLE_SERVER-MASTER\CURL\LIB\LIB-DEBUG\CURL_NTLM.OBJ
C:\USERS\KOSTJA\DROPBOX\SIMPLE_SERVER-MASTER\CURL\LIB\LIB-DEBUG\CURL_NTLM_CORE.OBJ
C:\USERS\KOSTJA\DROPBOX\SIMPLE_SERVER-MASTER\CURL\LIB\LIB-DEBUG\CURL_NTLM_MSGS.OBJ
C:\USERS\KOSTJA\DROPBOX\SIMPLE_SERVER-MASTER\CURL\LIB\LIB-DEBUG\CURL_NTLM_WB.OBJ
C:\USERS\KOSTJA\DROPBOX\SIMPLE_SERVER-MASTER\CURL\LIB\LIB-DEBUG\CURL_RAND.OBJ
C:\USERS\KOSTJA\DROPBOX\SIMPLE_SERVER-MASTER\CURL\LIB\LIB-DEBUG\CURL_RTMP.OBJ
C:\USERS\KOSTJA\DROPBOX\SIMPLE_SERVER-MASTER\CURL\LIB\LIB-DEBUG\CURL_SASL.OBJ
C:\USERS\KOSTJA\DROPBOX\SIMPLE_SERVER-MASTER\CURL\LIB\LIB-DEBUG\CURL_SCHANNEL.OBJ
C:\USERS\KOSTJA\DROPBOX\SIMPLE_SERVER-MASTER\CURL\LIB\LIB-DEBUG\CURL_SSPI.OBJ
C:\USERS\KOSTJA\DROPBOX\SIMPLE_SERVER-MASTER\CURL\LIB\LIB-DEBUG\CURL_THREADS.OBJ
C:\USERS\KOSTJA\DROPBOX\SIMPLE_SERVER-MASTER\CURL\LIB\LIB-DEBUG\CYASSL.OBJ
C:\USERS\KOSTJA\DROPBOX\SIMPLE_SERVER-MASTER\CURL\LIB\LIB-DEBUG\DICT.OBJ
C:\USERS\KOSTJA\DROPBOX\SIMPLE_SERVER-MASTER\CURL\LIB\LIB-DEBUG\EASY.OBJ
C:\USERS\KOSTJA\DROPBOX\SIMPLE_SERVER-MASTER\CURL\LIB\LIB-DEBUG\AMIGAOS.OBJ
C:\USERS\KOSTJA\DROPBOX\SIMPLE_SERVER-MASTER\CURL\LIB\LIB-DEBUG\ASYN-ARES.OBJ
C:\USERS\KOSTJA\DROPBOX\SIMPLE_SERVER-MASTER\CURL\LIB\LIB-DEBUG\ASYN-THREAD.OBJ
C:\USERS\KOSTJA\DROPBOX\SIMPLE_SERVER-MASTER\CURL\LIB\LIB-DEBUG\AXTLS.OBJ
C:\USERS\KOSTJA\DROPBOX\SIMPLE_SERVER-MASTER\CURL\LIB\LIB-DEBUG\BASE64.OBJ
C:\USERS\KOSTJA\DROPBOX\SIMPLE_SERVER-MASTER\CURL\LIB\LIB-DEBUG\BUNDLES.OBJ
C:\USERS\KOSTJA\DROPBOX\SIMPLE_SERVER-MASTER\CURL\LIB\LIB-DEBUG\CONNCACHE.OBJ
C:\USERS\KOSTJA\DROPBOX\SIMPLE_SERVER-MASTER\CURL\LIB\LIB-DEBUG\CONNECT.OBJ
C:\USERS\KOSTJA\DROPBOX\SIMPLE_SERVER-MASTER\CURL\LIB\LIB-DEBUG\CONTENT_ENCODING.OBJ
C:\USERS\KOSTJA\DROPBOX\SIMPLE_SERVER-MASTER\CURL\LIB\LIB-DEBUG\COOKIE.OBJ
C:\USERS\KOSTJA\DROPBOX\SIMPLE_SERVER-MASTER\CURL\LIB\LIB-DEBUG\VC110.PDB
C:\USERS\KOSTJA\DROPBOX\SIMPLE_SERVER-MASTER\CURL\LIB\LIB-DEBUG\LIBCURLD.LIB
C:\USERS\KOSTJA\DROPBOX\SIMPLE_SERVER-MASTER\CURL\LIB\LIB-DEBUG10\LIBCURL.RES
C:\Users\Kostja\Dropbox\simple_server-master\curl\lib\LIB-Debug10\cl.command.1.tlog
C:\Users\Kostja\Dropbox\simple_server-master\curl\lib\LIB-Debug10\CL.read.1.tlog
C:\Users\Kostja\Dropbox\simple_server-master\curl\lib\LIB-Debug10\CL.write.1.tlog
C:\Users\Kostja\Dropbox\simple_server-master\curl\lib\LIB-Debug10\Lib-link-cvtres.read.1.tlog
C:\Users\Kostja\Dropbox\simple_server-master\curl\lib\LIB-Debug10\Lib-link-cvtres.write.1.tlog
C:\Users\Kostja\Dropbox\simple_server-master\curl\lib\LIB-Debug10\Lib-link.read.1.tlog
C:\Users\Kostja\Dropbox\simple_server-master\curl\lib\LIB-Debug10\Lib-link.write.1.tlog
C:\Users\Kostja\Dropbox\simple_server-master\curl\lib\LIB-Debug10\lib.command.1.tlog
C:\Users\Kostja\Dropbox\simple_server-master\curl\lib\LIB-Debug10\rc.command.1.tlog
C:\Users\Kostja\Dropbox\simple_server-master\curl\lib\LIB-Debug10\rc.read.1.tlog
C:\Users\Kostja\Dropbox\simple_server-master\curl\lib\LIB-Debug10\rc.write.1.tlog
C:\Users\Kostja\Dropbox\simple_server-master\curl\lib\LIB-Debug10\libcurl.res
